[2023-02-23 10:49:08] [INFO] Added  NewLaunch TRADESIGNAL listener.
[2023-02-23 10:50:17] [INFO] Added  NewLaunch TRADESIGNAL listener.
[2023-02-23 10:51:18] [INFO] Added  NewLaunch TRADESIGNAL listener.
[2023-02-23 10:52:50] [INFO] Added  NewLaunch TRADESIGNAL listener.
[2023-02-23 10:52:59] [INFO] Added  NewLaunch TRADESIGNAL listener.
[2023-02-23 10:53:31] [INFO] Added  NewLaunch TRADESIGNAL listener.
[2023-02-23 10:55:42] [INFO] Added  NewLaunch TRADESIGNAL listener.
[2023-02-23 10:56:14] [INFO] Added  NewLaunch TRADESIGNAL listener.
[2023-02-23 10:57:17] [INFO] Added  NewLaunch TRADESIGNAL listener.
[2023-02-23 10:57:59] [INFO] Added  NewLaunch TRADESIGNAL listener.
[2023-02-23 10:58:21] [INFO] Added  NewLaunch TRADESIGNAL listener.
[2023-02-23 11:01:34] [INFO] Added  NewLaunch TRADESIGNAL listener.
[2023-02-23 11:02:10] [INFO] Added  NewLaunch TRADESIGNAL listener.
[2023-02-23 11:02:34] [INFO] Added  NewLaunch TRADESIGNAL listener.
[2023-02-23 11:02:44] [INFO] Added  NewLaunch TRADESIGNAL listener.
[2023-02-23 11:03:03] [INFO] Added  NewLaunch TRADESIGNAL listener.
[2023-02-23 11:04:17] [INFO] Added  NewLaunch TRADESIGNAL listener.
[2023-02-23 11:04:41] [INFO] Added  NewLaunch NEWTOKENSIGNAL listener.
[2023-02-23 11:05:03] [INFO] Added  NewLaunch NEWTOKENSIGNAL listener.
[2023-02-23 11:05:05] [INFO] Recieved 
[2023-02-23 11:05:05] [INFO] Open New Market Trade for Signal for SYMBOL - LTCBTC
[2023-02-23 11:05:05] [INFO] Recieved 
[2023-02-23 11:05:05] [INFO] Open New Market Trade for Signal for SYMBOL - BTCUSDT
[2023-02-23 11:05:05] [INFO] Recieved 
[2023-02-23 11:05:05] [INFO] Open New Market Trade for Signal for SYMBOL - ETHUSDT
[2023-02-23 11:05:05] [INFO] Recieved 
[2023-02-23 11:05:05] [INFO] Open New Market Trade for Signal for SYMBOL - EOSBTC
[2023-02-23 11:05:05] [INFO] Recieved 
[2023-02-23 11:05:05] [INFO] Open New Market Trade for Signal for SYMBOL - BNBUSDT
[2023-02-23 11:05:05] [INFO] Recieved 
[2023-02-23 11:05:05] [INFO] Open New Market Trade for Signal for SYMBOL - XRPUSDT
[2023-02-23 11:05:05] [INFO] Recieved 
[2023-02-23 11:05:05] [INFO] Open New Market Trade for Signal for SYMBOL - XLMUSDT
[2023-02-23 11:05:05] [INFO] Recieved 
[2023-02-23 11:05:05] [INFO] Open New Market Trade for Signal for SYMBOL - BNBBTC
[2023-02-23 11:05:05] [INFO] Recieved 
[2023-02-23 11:05:05] [INFO] Open New Market Trade for Signal for SYMBOL - TRXUSDT
[2023-02-23 11:05:05] [INFO] Recieved 
[2023-02-23 11:05:05] [INFO] Open New Market Trade for Signal for SYMBOL - VETUSDT
[2023-02-23 11:05:05] [INFO] Open New Market Trade for Signal for SYMBOL - WAVESUSDT
[2023-02-23 11:05:05] [INFO] Open New Market Trade for Signal for SYMBOL - FETUSDT
[2023-02-23 11:05:05] [INFO] Recieved 
[2023-02-23 11:05:05] [INFO] Open New Market Trade for Signal for SYMBOL - ENJUSDT
[2023-02-23 11:05:05] [INFO] Recieved 
[2023-02-23 11:05:05] [INFO] Open New Market Trade for Signal for SYMBOL - MATICBTC
[2023-02-23 11:05:05] [INFO] Recieved 
[2023-02-23 11:05:05] [INFO] Open New Market Trade for Signal for SYMBOL - MATICUSDT
[2023-02-23 11:05:05] [INFO] Recieved 
[2023-02-23 11:05:05] [INFO] Open New Market Trade for Signal for SYMBOL - FTMBTC
[2023-02-23 11:05:05] [INFO] Recieved 
[2023-02-23 11:05:05] [INFO] Open New Market Trade for Signal for SYMBOL - FTMUSDT
[2023-02-23 11:05:05] [INFO] Recieved 
[2023-02-23 11:05:05] [INFO] Open New Market Trade for Signal for SYMBOL - MTLUSDT
[2023-02-23 11:05:05] [INFO] Recieved 
[2023-02-23 11:05:05] [INFO] Open New Market Trade for Signal for SYMBOL - BTCBUSD
[2023-02-23 11:05:05] [INFO] Recieved 
[2023-02-23 11:05:05] [INFO] Open New Market Trade for Signal for SYMBOL - BUSDUSDT
[2023-02-23 11:05:05] [INFO] Recieved 
[2023-02-23 11:05:05] [INFO] Open New Market Trade for Signal for SYMBOL - XTZUSDT
[2023-02-23 11:05:05] [INFO] Recieved 
[2023-02-23 11:05:05] [INFO] Recieved 
[2023-02-23 11:05:05] [INFO] Open New Market Trade for Signal for SYMBOL - ETHBUSD
[2023-02-23 11:05:05] [INFO] Recieved 
[2023-02-23 11:05:05] [INFO] Open New Market Trade for Signal for SYMBOL - LTCBUSD
[2023-02-23 11:05:05] [INFO] Recieved 
[2023-02-23 11:05:05] [INFO] Open New Market Trade for Signal for SYMBOL - STXUSDT
[2023-02-23 11:05:05] [INFO] Recieved 
[2023-02-23 11:05:05] [INFO] Open New Market Trade for Signal for SYMBOL - XLMBUSD
[2023-02-23 11:05:05] [INFO] Recieved 
[2023-02-23 11:05:05] [INFO] Open New Market Trade for Signal for SYMBOL - BTCTRY
[2023-02-23 11:05:05] [INFO] Recieved 
[2023-02-23 11:05:05] [INFO] Open New Market Trade for Signal for SYMBOL - BUSDTRY
[2023-02-23 11:05:05] [INFO] Recieved 
[2023-02-23 11:05:05] [INFO] Open New Market Trade for Signal for SYMBOL - XRPEUR
[2023-02-23 11:05:05] [INFO] Recieved 
[2023-02-23 11:05:05] [INFO] Open New Market Trade for Signal for SYMBOL - EURUSDT
[2023-02-23 11:05:05] [INFO] Recieved 
[2023-02-23 11:05:05] [INFO] Open New Market Trade for Signal for SYMBOL - LTOUSDT
[2023-02-23 11:05:05] [INFO] Recieved 
[2023-02-23 11:05:05] [INFO] Open New Market Trade for Signal for SYMBOL - WAVESBUSD
[2023-02-23 11:05:05] [INFO] Recieved 
[2023-02-23 11:05:05] [INFO] Open New Market Trade for Signal for SYMBOL - SOLBTC
[2023-02-23 11:05:05] [INFO] Recieved 
[2023-02-23 11:05:05] [INFO] Open New Market Trade for Signal for SYMBOL - SOLUSDT
[2023-02-23 11:05:05] [INFO] Recieved 
[2023-02-23 11:05:05] [INFO] Open New Market Trade for Signal for SYMBOL - SOLBUSD
[2023-02-23 11:05:05] [INFO] Recieved 
[2023-02-23 11:05:05] [INFO] Open New Market Trade for Signal for SYMBOL - CTSIUSDT
[2023-02-23 11:05:05] [INFO] Recieved 
[2023-02-23 11:05:05] [INFO] Open New Market Trade for Signal for SYMBOL - HIVEUSDT
[2023-02-23 11:05:05] [INFO] Recieved 
[2023-02-23 11:05:05] [INFO] Open New Market Trade for Signal for SYMBOL - CHRBNB
[2023-02-23 11:05:05] [INFO] Recieved 
[2023-02-23 11:05:05] [INFO] Open New Market Trade for Signal for SYMBOL - MDTUSDT
[2023-02-23 11:05:05] [INFO] Recieved 
[2023-02-23 11:05:05] [INFO] Open New Market Trade for Signal for SYMBOL - LRCBUSD
[2023-02-23 11:05:05] [INFO] Recieved 
[2023-02-23 11:05:05] [INFO] Open New Market Trade for Signal for SYMBOL - LRCUSDT
[2023-02-23 11:05:05] [INFO] Recieved 
[2023-02-23 11:05:05] [INFO] Open New Market Trade for Signal for SYMBOL - ZENUSDT
[2023-02-23 11:05:05] [INFO] Open New Market Trade for Signal for SYMBOL - SXPUSDT
[2023-02-23 11:05:05] [INFO] Recieved 
[2023-02-23 11:05:05] [INFO] Recieved 
[2023-02-23 11:05:05] [INFO] Open New Market Trade for Signal for SYMBOL - RUNEBUSD
[2023-02-23 11:05:05] [INFO] Recieved 
[2023-02-23 11:05:05] [INFO] Open New Market Trade for Signal for SYMBOL - MANAUSDT
[2023-02-23 11:05:05] [INFO] Recieved 
[2023-02-23 11:05:05] [INFO] Open New Market Trade for Signal for SYMBOL - YFIBTC
[2023-02-23 11:05:05] [INFO] Recieved 
[2023-02-23 11:05:05] [INFO] Open New Market Trade for Signal for SYMBOL - YFIUSDT
[2023-02-23 11:05:05] [INFO] Recieved 
[2023-02-23 11:05:05] [INFO] Open New Market Trade for Signal for SYMBOL - CRVBUSD
[2023-02-23 11:05:05] [INFO] Recieved 
[2023-02-23 11:05:05] [INFO] Open New Market Trade for Signal for SYMBOL - CRVUSDT
[2023-02-23 11:05:05] [INFO] Recieved 
[2023-02-23 11:05:05] [INFO] Recieved 
[2023-02-23 11:05:05] [INFO] Open New Market Trade for Signal for SYMBOL - RVNUSDT
[2023-02-23 11:05:05] [INFO] Open New Market Trade for Signal for SYMBOL - KSMUSDT
[2023-02-23 11:05:05] [INFO] Recieved 
[2023-02-23 11:05:05] [INFO] Open New Market Trade for Signal for SYMBOL - YFIIUSDT
[2023-02-23 11:05:05] [INFO] Recieved 
[2023-02-23 11:05:05] [INFO] Open New Market Trade for Signal for SYMBOL - UNIBUSD
[2023-02-23 11:05:05] [INFO] Recieved 
[2023-02-23 11:05:05] [INFO] Open New Market Trade for Signal for SYMBOL - UNIUSDT
[2023-02-23 11:05:05] [INFO] Recieved 
[2023-02-23 11:05:05] [INFO] Open New Market Trade for Signal for SYMBOL - AVAXBTC
[2023-02-23 11:05:05] [INFO] Recieved 
[2023-02-23 11:05:05] [INFO] Open New Market Trade for Signal for SYMBOL - AVAXBUSD
[2023-02-23 11:05:05] [INFO] Recieved 
[2023-02-23 11:05:05] [INFO] Open New Market Trade for Signal for SYMBOL - AVAXUSDT
[2023-02-23 11:05:05] [INFO] Recieved 
[2023-02-23 11:05:05] [INFO] Open New Market Trade for Signal for SYMBOL - FLMUSDT
[2023-02-23 11:05:05] [INFO] Recieved 
[2023-02-23 11:05:05] [INFO] Recieved 
[2023-02-23 11:05:05] [INFO] Recieved 
[2023-02-23 11:05:05] [INFO] Open New Market Trade for Signal for SYMBOL - FILBUSD
[2023-02-23 11:05:05] [INFO] Recieved 
[2023-02-23 11:05:05] [INFO] Open New Market Trade for Signal for SYMBOL - ONEBUSD
[2023-02-23 11:05:05] [INFO] Recieved 
[2023-02-23 11:05:05] [INFO] Open New Market Trade for Signal for SYMBOL - CTKUSDT
[2023-02-23 11:05:05] [INFO] Recieved 
[2023-02-23 11:05:05] [INFO] Open New Market Trade for Signal for SYMBOL - BNBBRL
[2023-02-23 11:05:05] [INFO] Recieved 
[2023-02-23 11:05:05] [INFO] Open New Market Trade for Signal for SYMBOL - DFBUSD
[2023-02-23 11:05:05] [INFO] Recieved 
[2023-02-23 11:05:05] [INFO] Open New Market Trade for Signal for SYMBOL - RIFUSDT
[2023-02-23 11:05:05] [INFO] Recieved 
[2023-02-23 11:05:05] [INFO] Open New Market Trade for Signal for SYMBOL - LITUSDT
[2023-02-23 11:05:05] [INFO] Recieved 
[2023-02-23 11:05:05] [INFO] Open New Market Trade for Signal for SYMBOL - SFPBUSD
[2023-02-23 11:05:05] [INFO] Recieved 
[2023-02-23 11:05:05] [INFO] Open New Market Trade for Signal for SYMBOL - UFTBUSD
[2023-02-23 11:05:05] [INFO] Recieved 
[2023-02-23 11:05:05] [INFO] Recieved 
[2023-02-23 11:05:05] [INFO] Recieved 
[2023-02-23 11:05:05] [INFO] Open New Market Trade for Signal for SYMBOL - HOTTRY
[2023-02-23 11:05:05] [INFO] Recieved 
[2023-02-23 11:05:05] [INFO] Open New Market Trade for Signal for SYMBOL - CFXBTC
[2023-02-23 11:05:05] [INFO] Recieved 
[2023-02-23 11:05:05] [INFO] Open New Market Trade for Signal for SYMBOL - CFXBUSD
[2023-02-23 11:05:05] [INFO] Recieved 
[2023-02-23 11:05:05] [INFO] Open New Market Trade for Signal for SYMBOL - CFXUSDT
[2023-02-23 11:05:05] [INFO] Recieved 
[2023-02-23 11:05:05] [INFO] Open New Market Trade for Signal for SYMBOL - TKOBIDR
[2023-02-23 11:05:05] [INFO] Recieved 
[2023-02-23 11:05:05] [INFO] Open New Market Trade for Signal for SYMBOL - TKOUSDT
[2023-02-23 11:05:05] [INFO] Recieved 
[2023-02-23 11:05:05] [INFO] Open New Market Trade for Signal for SYMBOL - BURGERBUSD
[2023-02-23 11:05:05] [INFO] Recieved 
[2023-02-23 11:05:05] [INFO] Open New Market Trade for Signal for SYMBOL - BTCBRL
[2023-02-23 11:05:05] [INFO] Open New Market Trade for Signal for SYMBOL - FISBUSD
[2023-02-23 11:05:05] [INFO] Recieved 
[2023-02-23 11:05:05] [INFO] Open New Market Trade for Signal for SYMBOL - SHIBBUSD
[2023-02-23 11:05:05] [INFO] Open New Market Trade for Signal for SYMBOL - FTMBUSD
[2023-02-23 11:05:05] [INFO] Recieved 
[2023-02-23 11:05:05] [INFO] Open New Market Trade for Signal for SYMBOL - ATAUSDT
[2023-02-23 11:05:05] [INFO] Recieved 
[2023-02-23 11:05:05] [INFO] Open New Market Trade for Signal for SYMBOL - ERNBUSD
[2023-02-23 11:05:05] [INFO] Recieved 
[2023-02-23 11:05:05] [INFO] Open New Market Trade for Signal for SYMBOL - KLAYUSDT
[2023-02-23 11:05:05] [INFO] Recieved 
[2023-02-23 11:05:05] [INFO] Open New Market Trade for Signal for SYMBOL - LTOBUSD
[2023-02-23 11:05:05] [INFO] Recieved 
[2023-02-23 11:05:05] [INFO] Open New Market Trade for Signal for SYMBOL - FLOWUSDT
[2023-02-23 11:05:05] [INFO] Recieved 
[2023-02-23 11:05:05] [INFO] Open New Market Trade for Signal for SYMBOL - MINABUSD
[2023-02-23 11:05:05] [INFO] Recieved 
[2023-02-23 11:05:05] [INFO] Open New Market Trade for Signal for SYMBOL - MINAUSDT
[2023-02-23 11:05:05] [INFO] Recieved 
[2023-02-23 11:05:05] [INFO] Open New Market Trade for Signal for SYMBOL - RAYUSDT
[2023-02-23 11:05:05] [INFO] Recieved 
[2023-02-23 11:05:05] [INFO] Open New Market Trade for Signal for SYMBOL - GALAUSDT
[2023-02-23 11:05:05] [INFO] Recieved 
[2023-02-23 11:05:05] [INFO] Open New Market Trade for Signal for SYMBOL - ILVUSDT
[2023-02-23 11:05:05] [INFO] Recieved 
[2023-02-23 11:05:05] [INFO] Open New Market Trade for Signal for SYMBOL - STXBUSD
[2023-02-23 11:05:05] [INFO] Recieved 
[2023-02-23 11:05:05] [INFO] Open New Market Trade for Signal for SYMBOL - DFUSDT
[2023-02-23 11:05:05] [INFO] Recieved 
[2023-02-23 11:05:05] [INFO] Open New Market Trade for Signal for SYMBOL - SSVBTC
[2023-02-23 11:05:05] [INFO] Recieved 
[2023-02-23 11:05:05] [INFO] Open New Market Trade for Signal for SYMBOL - BNXBUSD
[2023-02-23 11:05:05] [INFO] Recieved 
[2023-02-23 11:05:05] [INFO] Open New Market Trade for Signal for SYMBOL - QIUSDT
[2023-02-23 11:05:05] [INFO] Recieved 
[2023-02-23 11:05:05] [INFO] Open New Market Trade for Signal for SYMBOL - QIBUSD
[2023-02-23 11:05:05] [INFO] Recieved 
[2023-02-23 11:05:05] [INFO] Open New Market Trade for Signal for SYMBOL - VGXUSDT
[2023-02-23 11:05:05] [INFO] Recieved 
[2023-02-23 11:05:05] [INFO] Open New Market Trade for Signal for SYMBOL - JASMYUSDT
[2023-02-23 11:05:05] [INFO] Recieved 
[2023-02-23 11:05:05] [INFO] Open New Market Trade for Signal for SYMBOL - RNDRUSDT
[2023-02-23 11:05:05] [INFO] Recieved 
[2023-02-23 11:05:05] [INFO] Open New Market Trade for Signal for SYMBOL - SANTOSUSDT
[2023-02-23 11:05:05] [INFO] Recieved 
[2023-02-23 11:05:05] [INFO] Open New Market Trade for Signal for SYMBOL - GALATRY
[2023-02-23 11:05:05] [INFO] Recieved 
[2023-02-23 11:05:05] [INFO] Open New Market Trade for Signal for SYMBOL - FTMTRY
[2023-02-23 11:05:05] [INFO] Recieved 
[2023-02-23 11:05:05] [INFO] Open New Market Trade for Signal for SYMBOL - MINATRY
[2023-02-23 11:05:05] [INFO] Recieved 
[2023-02-23 11:05:05] [INFO] Open New Market Trade for Signal for SYMBOL - HIGHBTC
[2023-02-23 11:05:05] [INFO] Recieved 
[2023-02-23 11:05:05] [INFO] Open New Market Trade for Signal for SYMBOL - HIGHBUSD
[2023-02-23 11:05:05] [INFO] Recieved 
[2023-02-23 11:05:05] [INFO] Open New Market Trade for Signal for SYMBOL - OOKIUSDT
[2023-02-23 11:05:05] [INFO] Recieved 
[2023-02-23 11:05:05] [INFO] Open New Market Trade for Signal for SYMBOL - ACHBUSD
[2023-02-23 11:05:05] [INFO] Recieved 
[2023-02-23 11:05:05] [INFO] Open New Market Trade for Signal for SYMBOL - ACHUSDT
[2023-02-23 11:05:05] [INFO] Recieved 
[2023-02-23 11:05:05] [INFO] Open New Market Trade for Signal for SYMBOL - IMXBTC
[2023-02-23 11:05:05] [INFO] Recieved 
[2023-02-23 11:05:05] [INFO] Open New Market Trade for Signal for SYMBOL - IMXUSDT
[2023-02-23 11:05:05] [INFO] Recieved 
[2023-02-23 11:05:05] [INFO] Open New Market Trade for Signal for SYMBOL - ASTRBUSD
[2023-02-23 11:05:05] [INFO] Recieved 
[2023-02-23 11:05:05] [INFO] Open New Market Trade for Signal for SYMBOL - ASTRUSDT
[2023-02-23 11:05:05] [INFO] Recieved 
[2023-02-23 11:05:05] [INFO] Open New Market Trade for Signal for SYMBOL - JASMYTRY
[2023-02-23 11:05:05] [INFO] Recieved 
[2023-02-23 11:05:05] [INFO] Open New Market Trade for Signal for SYMBOL - OPBUSD
[2023-02-23 11:05:05] [INFO] Recieved 
[2023-02-23 11:05:05] [INFO] Open New Market Trade for Signal for SYMBOL - OPUSDT
[2023-02-23 11:05:05] [INFO] Recieved 
[2023-02-23 11:05:05] [INFO] Open New Market Trade for Signal for SYMBOL - SSVBUSD
[2023-02-23 11:05:05] [INFO] Recieved 
[2023-02-23 11:05:05] [INFO] Open New Market Trade for Signal for SYMBOL - AMBBUSD
[2023-02-23 11:05:05] [INFO] Recieved 
[2023-02-23 11:05:05] [INFO] Open New Market Trade for Signal for SYMBOL - AGIXBUSD
[2023-02-23 11:05:05] [INFO] Recieved 
[2023-02-23 11:05:05] [INFO] Open New Market Trade for Signal for SYMBOL - PHBUSDT
[2023-02-23 11:05:05] [INFO] Recieved 
[2023-02-23 11:05:05] [INFO] Open New Market Trade for Signal for SYMBOL - HOOKBTC
[2023-02-23 11:05:05] [INFO] Recieved 
[2023-02-23 11:05:05] [INFO] Open New Market Trade for Signal for SYMBOL - HOOKBUSD
[2023-02-23 11:05:05] [INFO] Recieved 
[2023-02-23 11:05:05] [INFO] Open New Market Trade for Signal for SYMBOL - MAGICUSDT
[2023-02-23 11:05:05] [INFO] Recieved 
[2023-02-23 11:05:05] [INFO] Open New Market Trade for Signal for SYMBOL - AGIXUSDT
[2023-02-23 11:05:05] [INFO] Open New Market Trade for Signal for SYMBOL - SHIBUSDT
[2023-02-23 11:05:05] [INFO] Recieved 
[2023-02-23 11:05:05] [INFO] Open New Market Trade for Signal for SYMBOL - EGLDUSDT
[2023-02-23 11:06:09] [INFO] Added  NewLaunch NEWTOKENSIGNAL listener.
[2023-02-23 11:06:10] [INFO] Recieved 
[2023-02-23 11:06:10] [INFO] Recieved 
[2023-02-23 11:06:10] [INFO] Open New Market Trade for Signal for SYMBOL - ETHUSDT
[2023-02-23 11:06:10] [INFO] Open New Market Trade for Signal for SYMBOL - LINKBTC
[2023-02-23 11:06:10] [INFO] Recieved 
[2023-02-23 11:06:10] [INFO] Open New Market Trade for Signal for SYMBOL - BNBUSDT
[2023-02-23 11:06:10] [INFO] Recieved 
[2023-02-23 11:06:10] [INFO] Open New Market Trade for Signal for SYMBOL - SYSBTC
[2023-02-23 11:06:10] [INFO] Recieved 
[2023-02-23 11:06:10] [INFO] Open New Market Trade for Signal for SYMBOL - WAVESUSDT
[2023-02-23 11:06:10] [INFO] Recieved 
[2023-02-23 11:06:10] [INFO] Open New Market Trade for Signal for SYMBOL - FETUSDT
[2023-02-23 11:06:10] [INFO] Recieved 
[2023-02-23 11:06:10] [INFO] Open New Market Trade for Signal for SYMBOL - ENJUSDT
[2023-02-23 11:06:10] [INFO] Open New Market Trade for Signal for SYMBOL - BTCUSDT
[2023-02-23 11:06:10] [INFO] Recieved 
[2023-02-23 11:06:10] [INFO] Recieved 
[2023-02-23 11:06:10] [INFO] Open New Market Trade for Signal for SYMBOL - DOGEUSDT
[2023-02-23 11:06:10] [INFO] Recieved 
[2023-02-23 11:06:10] [INFO] Open New Market Trade for Signal for SYMBOL - ANKRUSDT
[2023-02-23 11:06:10] [INFO] Recieved 
[2023-02-23 11:06:10] [INFO] Open New Market Trade for Signal for SYMBOL - BTCBUSD
[2023-02-23 11:06:10] [INFO] Recieved 
[2023-02-23 11:06:10] [INFO] Open New Market Trade for Signal for SYMBOL - BUSDUSDT
[2023-02-23 11:06:10] [INFO] Recieved 
[2023-02-23 11:06:10] [INFO] Open New Market Trade for Signal for SYMBOL - LTCBUSD
[2023-02-23 11:06:10] [INFO] Recieved 
[2023-02-23 11:06:10] [INFO] Open New Market Trade for Signal for SYMBOL - STXUSDT
[2023-02-23 11:06:10] [INFO] Recieved 
[2023-02-23 11:06:10] [INFO] Open New Market Trade for Signal for SYMBOL - BUSDTRY
[2023-02-23 11:06:10] [INFO] Recieved 
[2023-02-23 11:06:10] [INFO] Open New Market Trade for Signal for SYMBOL - USDTTRY
[2023-02-23 11:06:10] [INFO] Open New Market Trade for Signal for SYMBOL - BTCEUR
[2023-02-23 11:06:10] [INFO] Recieved 
[2023-02-23 11:06:10] [INFO] Recieved 
[2023-02-23 11:06:10] [INFO] Open New Market Trade for Signal for SYMBOL - SOLBUSD
[2023-02-23 11:06:10] [INFO] Recieved 
[2023-02-23 11:06:10] [INFO] Open New Market Trade for Signal for SYMBOL - DOGEBUSD
[2023-02-23 11:06:10] [INFO] Recieved 
[2023-02-23 11:06:10] [INFO] Open New Market Trade for Signal for SYMBOL - DOTBUSD
[2023-02-23 11:06:10] [INFO] Recieved 
[2023-02-23 11:06:10] [INFO] Open New Market Trade for Signal for SYMBOL - MATICUSDT
[2023-02-23 11:06:10] [INFO] Recieved 
[2023-02-23 11:06:10] [INFO] Open New Market Trade for Signal for SYMBOL - FILUSDT
[2023-02-23 11:06:10] [INFO] Recieved 
[2023-02-23 11:06:10] [INFO] Open New Market Trade for Signal for SYMBOL - INJUSDT
[2023-02-23 11:06:10] [INFO] Recieved 
[2023-02-23 11:06:10] [INFO] Open New Market Trade for Signal for SYMBOL - DFBUSD
[2023-02-23 11:06:10] [INFO] Recieved 
[2023-02-23 11:06:10] [INFO] Open New Market Trade for Signal for SYMBOL - DOGETRY
[2023-02-23 11:06:10] [INFO] Open New Market Trade for Signal for SYMBOL - LITBUSD
[2023-02-23 11:06:10] [INFO] Recieved 
[2023-02-23 11:06:10] [INFO] Recieved 
[2023-02-23 11:06:10] [INFO] Open New Market Trade for Signal for SYMBOL - LITUSDT
[2023-02-23 11:06:10] [INFO] Recieved 
[2023-02-23 11:06:10] [INFO] Open New Market Trade for Signal for SYMBOL - UFTBUSD
[2023-02-23 11:06:10] [INFO] Recieved 
[2023-02-23 11:06:10] [INFO] Open New Market Trade for Signal for SYMBOL - GRTBUSD
[2023-02-23 11:06:10] [INFO] Recieved 
[2023-02-23 11:06:10] [INFO] Open New Market Trade for Signal for SYMBOL - CFXBUSD
[2023-02-23 11:06:10] [INFO] Recieved 
[2023-02-23 11:06:10] [INFO] Open New Market Trade for Signal for SYMBOL - CFXUSDT
[2023-02-23 11:06:10] [INFO] Recieved 
[2023-02-23 11:06:10] [INFO] Open New Market Trade for Signal for SYMBOL - SHIBBUSD
[2023-02-23 11:06:10] [INFO] Recieved 
[2023-02-23 11:06:10] [INFO] Open New Market Trade for Signal for SYMBOL - ICPUSDT
[2023-02-23 11:06:10] [INFO] Recieved 
[2023-02-23 11:06:10] [INFO] Open New Market Trade for Signal for SYMBOL - TLMTRY
[2023-02-23 11:06:10] [INFO] Recieved 
[2023-02-23 11:06:10] [INFO] Open New Market Trade for Signal for SYMBOL - STXBUSD
[2023-02-23 11:06:10] [INFO] Recieved 
[2023-02-23 11:06:10] [INFO] Open New Market Trade for Signal for SYMBOL - BETABUSD
[2023-02-23 11:06:10] [INFO] Recieved 
[2023-02-23 11:06:10] [INFO] Open New Market Trade for Signal for SYMBOL - BETAUSDT
[2023-02-23 11:06:10] [INFO] Recieved 
[2023-02-23 11:06:10] [INFO] Open New Market Trade for Signal for SYMBOL - BNXBUSD
[2023-02-23 11:06:10] [INFO] Open New Market Trade for Signal for SYMBOL - JASMYUSDT
[2023-02-23 11:06:10] [INFO] Recieved 
[2023-02-23 11:06:10] [INFO] Recieved 
[2023-02-23 11:06:10] [INFO] Recieved 
[2023-02-23 11:06:10] [INFO] Open New Market Trade for Signal for SYMBOL - APEUSDT
[2023-02-23 11:06:10] [INFO] Open New Market Trade for Signal for SYMBOL - COCOSTRY
[2023-02-23 11:06:10] [INFO] Open New Market Trade for Signal for SYMBOL - LDOUSDT
[2023-02-23 11:06:10] [INFO] Recieved 
[2023-02-23 11:06:10] [INFO] Recieved 
[2023-02-23 11:06:10] [INFO] Recieved 
[2023-02-23 11:06:10] [INFO] Open New Market Trade for Signal for SYMBOL - VIBBUSD
[2023-02-23 11:06:10] [INFO] Recieved 
[2023-02-23 11:06:10] [INFO] Open New Market Trade for Signal for SYMBOL - KEYBUSD
[2023-02-23 11:06:10] [INFO] Recieved 
[2023-02-23 11:06:10] [INFO] Open New Market Trade for Signal for SYMBOL - YFIIUSDT
[2023-02-23 11:06:10] [INFO] Open New Market Trade for Signal for SYMBOL - AGIXBUSD
[2023-02-23 11:06:58] [INFO] Added  NewLaunch NEWTOKENSIGNAL listener.
[2023-02-23 11:06:59] [INFO] Recieved 
[2023-02-23 11:06:59] [INFO] Open New Market Trade for Signal for SYMBOL - LTCBTC
[2023-02-23 11:10:03] [INFO] Added  NewLaunch NEWTOKENSIGNAL listener.
[2023-02-23 11:10:34] [INFO] Added  NewLaunch NEWTOKENSIGNAL listener.
[2023-02-23 11:10:36] [INFO] Recieved 
[2023-02-23 11:10:36] [INFO] Open New Market Trade for Signal for SYMBOL - ETHUSDT
[2023-02-23 11:10:36] [INFO] Recieved 
[2023-02-23 11:10:36] [INFO] Open New Market Trade for Signal for SYMBOL - VIBBTC
[2023-02-23 11:10:36] [INFO] Recieved 
[2023-02-23 11:10:36] [INFO] Open New Market Trade for Signal for SYMBOL - BNBUSDT
[2023-02-23 11:10:36] [INFO] Recieved 
[2023-02-23 11:10:36] [INFO] Open New Market Trade for Signal for SYMBOL - ADAUSDT
[2023-02-23 11:10:36] [INFO] Recieved 
[2023-02-23 11:10:36] [INFO] Open New Market Trade for Signal for SYMBOL - EOSUSDT
[2023-02-23 11:10:36] [INFO] Recieved 
[2023-02-23 11:10:36] [INFO] Recieved 
[2023-02-23 11:10:36] [INFO] Recieved 
[2023-02-23 11:10:36] [INFO] Open New Market Trade for Signal for SYMBOL - ZILUSDT
[2023-02-23 11:10:36] [INFO] Open New Market Trade for Signal for SYMBOL - BTCUSDT
[2023-02-23 11:10:36] [INFO] Open New Market Trade for Signal for SYMBOL - LINKUSDT
[2023-02-23 11:10:36] [INFO] Recieved 
[2023-02-23 11:10:36] [INFO] Open New Market Trade for Signal for SYMBOL - CELRUSDT
[2023-02-23 11:10:36] [INFO] Recieved 
[2023-02-23 11:10:36] [INFO] Open New Market Trade for Signal for SYMBOL - DASHUSDT
[2023-02-23 11:10:36] [INFO] Open New Market Trade for Signal for SYMBOL - ENJUSDT
[2023-02-23 11:10:36] [INFO] Open New Market Trade for Signal for SYMBOL - MATICUSDT
[2023-02-23 11:10:36] [INFO] Recieved 
[2023-02-23 11:10:36] [INFO] Open New Market Trade for Signal for SYMBOL - FTMUSDT
[2023-02-23 11:10:36] [INFO] Recieved 
[2023-02-23 11:10:36] [INFO] Open New Market Trade for Signal for SYMBOL - CHZUSDT
[2023-02-23 11:10:36] [INFO] Recieved 
[2023-02-23 11:10:36] [INFO] Open New Market Trade for Signal for SYMBOL - BNBBUSD
[2023-02-23 11:10:36] [INFO] Recieved 
[2023-02-23 11:10:36] [INFO] Open New Market Trade for Signal for SYMBOL - BTCBUSD
[2023-02-23 11:10:36] [INFO] Recieved 
[2023-02-23 11:10:36] [INFO] Open New Market Trade for Signal for SYMBOL - BUSDUSDT
[2023-02-23 11:10:36] [INFO] Recieved 
[2023-02-23 11:10:36] [INFO] Open New Market Trade for Signal for SYMBOL - RVNUSDT
[2023-02-23 11:10:36] [INFO] Recieved 
[2023-02-23 11:10:36] [INFO] Open New Market Trade for Signal for SYMBOL - ETHBUSD
[2023-02-23 11:10:36] [INFO] Recieved 
[2023-02-23 11:10:36] [INFO] Open New Market Trade for Signal for SYMBOL - STXUSDT
[2023-02-23 11:10:36] [INFO] Recieved 
[2023-02-23 11:10:36] [INFO] Open New Market Trade for Signal for SYMBOL - IOTXUSDT
[2023-02-23 11:10:36] [INFO] Recieved 
[2023-02-23 11:10:36] [INFO] Open New Market Trade for Signal for SYMBOL - RLCUSDT
[2023-02-23 11:10:36] [INFO] Recieved 
[2023-02-23 11:10:36] [INFO] Open New Market Trade for Signal for SYMBOL - BCHUSDT
[2023-02-23 11:10:36] [INFO] Open New Market Trade for Signal for SYMBOL - BUSDTRY
[2023-02-23 11:10:36] [INFO] Recieved 
[2023-02-23 11:10:36] [INFO] Recieved 
[2023-02-23 11:10:36] [INFO] Open New Market Trade for Signal for SYMBOL - USDTTRY
[2023-02-23 11:10:36] [INFO] Recieved 
[2023-02-23 11:10:36] [INFO] Open New Market Trade for Signal for SYMBOL - BTCEUR
[2023-02-23 11:10:36] [INFO] Recieved 
[2023-02-23 11:10:36] [INFO] Open New Market Trade for Signal for SYMBOL - OGNUSDT
[2023-02-23 11:10:36] [INFO] Recieved 
[2023-02-23 11:10:36] [INFO] Open New Market Trade for Signal for SYMBOL - NEOBUSD
[2023-02-23 11:10:36] [INFO] Recieved 
[2023-02-23 11:10:36] [INFO] Open New Market Trade for Signal for SYMBOL - SOLUSDT
[2023-02-23 11:10:36] [INFO] Recieved 
[2023-02-23 11:10:36] [INFO] Recieved 
[2023-02-23 11:10:36] [INFO] Recieved 
[2023-02-23 11:10:36] [INFO] Open New Market Trade for Signal for SYMBOL - BTCGBP
[2023-02-23 11:10:36] [INFO] Recieved 
[2023-02-23 11:10:36] [INFO] Recieved 
[2023-02-23 11:10:36] [INFO] Open New Market Trade for Signal for SYMBOL - ETHAUD
[2023-02-23 11:10:36] [INFO] Recieved 
[2023-02-23 11:10:36] [INFO] Open New Market Trade for Signal for SYMBOL - IOTABUSD
[2023-02-23 11:10:36] [INFO] Recieved 
[2023-02-23 11:10:36] [INFO] Open New Market Trade for Signal for SYMBOL - SANDUSDT
[2023-02-23 11:10:36] [INFO] Recieved 
[2023-02-23 11:10:36] [INFO] Open New Market Trade for Signal for SYMBOL - DOTBUSD
[2023-02-23 11:10:36] [INFO] Recieved 
[2023-02-23 11:10:36] [INFO] Open New Market Trade for Signal for SYMBOL - DOTUSDT
[2023-02-23 11:10:36] [INFO] Recieved 
[2023-02-23 11:10:36] [INFO] Open New Market Trade for Signal for SYMBOL - LUNAUSDT
[2023-02-23 11:10:36] [INFO] Recieved 
[2023-02-23 11:10:36] [INFO] Open New Market Trade for Signal for SYMBOL - RSRBUSD
[2023-02-23 11:10:36] [INFO] Recieved 
[2023-02-23 11:10:36] [INFO] Open New Market Trade for Signal for SYMBOL - RSRUSDT
[2023-02-23 11:10:36] [INFO] Recieved 
[2023-02-23 11:10:36] [INFO] Open New Market Trade for Signal for SYMBOL - SUSHIUSDT
[2023-02-23 11:10:36] [INFO] Recieved 
[2023-02-23 11:10:36] [INFO] Open New Market Trade for Signal for SYMBOL - KSMUSDT
[2023-02-23 11:10:36] [INFO] Recieved 
[2023-02-23 11:10:36] [INFO] Open New Market Trade for Signal for SYMBOL - EGLDBTC
[2023-02-23 11:10:36] [INFO] Recieved 
[2023-02-23 11:10:36] [INFO] Open New Market Trade for Signal for SYMBOL - EGLDBUSD
[2023-02-23 11:10:36] [INFO] Recieved 
[2023-02-23 11:10:36] [INFO] Open New Market Trade for Signal for SYMBOL - EGLDUSDT
[2023-02-23 11:10:36] [INFO] Recieved 
[2023-02-23 11:10:36] [INFO] Open New Market Trade for Signal for SYMBOL - BTCBRL
[2023-02-23 11:10:36] [INFO] Recieved 
[2023-02-23 11:10:36] [INFO] Open New Market Trade for Signal for SYMBOL - NEARUSDT
[2023-02-23 11:10:36] [INFO] Recieved 
[2023-02-23 11:10:36] [INFO] Open New Market Trade for Signal for SYMBOL - FILUSDT
[2023-02-23 11:10:36] [INFO] Recieved 
[2023-02-23 11:10:36] [INFO] Open New Market Trade for Signal for SYMBOL - INJUSDT
[2023-02-23 11:10:36] [INFO] Recieved 
[2023-02-23 11:10:36] [INFO] Open New Market Trade for Signal for SYMBOL - AUDIOUSDT
[2023-02-23 11:10:36] [INFO] Recieved 
[2023-02-23 11:10:36] [INFO] Open New Market Trade for Signal for SYMBOL - ROSEUSDT
[2023-02-23 11:10:36] [INFO] Recieved 
[2023-02-23 11:10:36] [INFO] Open New Market Trade for Signal for SYMBOL - TRXTRY
[2023-02-23 11:10:36] [INFO] Open New Market Trade for Signal for SYMBOL - MDTUSDT
[2023-02-23 11:10:36] [INFO] Open New Market Trade for Signal for SYMBOL - REEFUSDT
[2023-02-23 11:10:36] [INFO] Recieved 
[2023-02-23 11:10:36] [INFO] Recieved 
[2023-02-23 11:10:36] [INFO] Open New Market Trade for Signal for SYMBOL - DCRUSDT
[2023-02-23 11:10:36] [INFO] Open New Market Trade for Signal for SYMBOL - RVNTRY
[2023-02-23 11:10:36] [INFO] Recieved 
[2023-02-23 11:10:36] [INFO] Open New Market Trade for Signal for SYMBOL - TLMBUSD
[2023-02-23 11:10:36] [INFO] Recieved 
[2023-02-23 11:10:36] [INFO] Open New Market Trade for Signal for SYMBOL - TLMUSDT
[2023-02-23 11:10:36] [INFO] Recieved 
[2023-02-23 11:10:36] [INFO] Recieved 
[2023-02-23 11:10:36] [INFO] Recieved 
[2023-02-23 11:10:36] [INFO] Open New Market Trade for Signal for SYMBOL - BAKEUSDT
[2023-02-23 11:10:36] [INFO] Open New Market Trade for Signal for SYMBOL - BURGERUSDT
[2023-02-23 11:10:36] [INFO] Open New Market Trade for Signal for SYMBOL - SLPBUSD
[2023-02-23 11:10:36] [INFO] Recieved 
[2023-02-23 11:10:36] [INFO] Open New Market Trade for Signal for SYMBOL - SLPUSDT
[2023-02-23 11:10:36] [INFO] Recieved 
[2023-02-23 11:10:36] [INFO] Open New Market Trade for Signal for SYMBOL - ATAUSDT
[2023-02-23 11:10:36] [INFO] Recieved 
[2023-02-23 11:10:36] [INFO] Open New Market Trade for Signal for SYMBOL - BAKEBUSD
[2023-02-23 11:10:36] [INFO] Recieved 
[2023-02-23 11:10:36] [INFO] Open New Market Trade for Signal for SYMBOL - KLAYBTC
[2023-02-23 11:10:36] [INFO] Recieved 
[2023-02-23 11:10:36] [INFO] Open New Market Trade for Signal for SYMBOL - IOTXBUSD
[2023-02-23 11:10:36] [INFO] Recieved 
[2023-02-23 11:10:36] [INFO] Open New Market Trade for Signal for SYMBOL - TLMTRY
[2023-02-23 11:10:36] [INFO] Recieved 
[2023-02-23 11:10:36] [INFO] Open New Market Trade for Signal for SYMBOL - STXBUSD
[2023-02-23 11:10:36] [INFO] Recieved 
[2023-02-23 11:10:36] [INFO] Open New Market Trade for Signal for SYMBOL - SSVETH
[2023-02-23 11:10:36] [INFO] Recieved 
[2023-02-23 11:10:36] [INFO] Open New Market Trade for Signal for SYMBOL - CHESSUSDT
[2023-02-23 11:10:36] [INFO] Recieved 
[2023-02-23 11:10:36] [INFO] Open New Market Trade for Signal for SYMBOL - AUCTIONUSDT
[2023-02-23 11:10:36] [INFO] Recieved 
[2023-02-23 11:10:36] [INFO] Open New Market Trade for Signal for SYMBOL - DARUSDT
[2023-02-23 11:10:36] [INFO] Recieved 
[2023-02-23 11:10:36] [INFO] Open New Market Trade for Signal for SYMBOL - BNXBUSD
[2023-02-23 11:10:36] [INFO] Recieved 
[2023-02-23 11:10:36] [INFO] Open New Market Trade for Signal for SYMBOL - BNXUSDT
[2023-02-23 11:10:36] [INFO] Recieved 
[2023-02-23 11:10:36] [INFO] Open New Market Trade for Signal for SYMBOL - ENSUSDT
[2023-02-23 11:10:36] [INFO] Recieved 
[2023-02-23 11:10:36] [INFO] Open New Market Trade for Signal for SYMBOL - SLPTRY
[2023-02-23 11:10:36] [INFO] Recieved 
[2023-02-23 11:10:36] [INFO] Open New Market Trade for Signal for SYMBOL - AMPBUSD
[2023-02-23 11:10:36] [INFO] Recieved 
[2023-02-23 11:10:36] [INFO] Open New Market Trade for Signal for SYMBOL - RNDRUSDT
[2023-02-23 11:10:36] [INFO] Recieved 
[2023-02-23 11:10:36] [INFO] Open New Market Trade for Signal for SYMBOL - CTXCBUSD
[2023-02-23 11:10:36] [INFO] Recieved 
[2023-02-23 11:10:36] [INFO] Open New Market Trade for Signal for SYMBOL - ACHUSDT
[2023-02-23 11:10:36] [INFO] Recieved 
[2023-02-23 11:10:36] [INFO] Open New Market Trade for Signal for SYMBOL - ACAUSDT
[2023-02-23 11:10:36] [INFO] Recieved 
[2023-02-23 11:10:36] [INFO] Open New Market Trade for Signal for SYMBOL - WOOUSDT
[2023-02-23 11:10:36] [INFO] Recieved 
[2023-02-23 11:10:36] [INFO] Open New Market Trade for Signal for SYMBOL - GMTUSDT
[2023-02-23 11:10:36] [INFO] Recieved 
[2023-02-23 11:10:36] [INFO] Open New Market Trade for Signal for SYMBOL - BIFIUSDT
[2023-02-23 11:10:36] [INFO] Recieved 
[2023-02-23 11:10:36] [INFO] Open New Market Trade for Signal for SYMBOL - LDOBUSD
[2023-02-23 11:10:36] [INFO] Recieved 
[2023-02-23 11:10:36] [INFO] Open New Market Trade for Signal for SYMBOL - LUNCBUSD
[2023-02-23 11:10:36] [INFO] Recieved 
[2023-02-23 11:10:36] [INFO] Open New Market Trade for Signal for SYMBOL - OPBTC
[2023-02-23 11:10:36] [INFO] Recieved 
[2023-02-23 11:10:36] [INFO] Open New Market Trade for Signal for SYMBOL - OPBUSD
[2023-02-23 11:10:36] [INFO] Recieved 
[2023-02-23 11:10:36] [INFO] Open New Market Trade for Signal for SYMBOL - OPUSDT
[2023-02-23 11:10:36] [INFO] Recieved 
[2023-02-23 11:10:36] [INFO] Recieved 
[2023-02-23 11:10:36] [INFO] Open New Market Trade for Signal for SYMBOL - LEVERBUSD
[2023-02-23 11:10:36] [INFO] Recieved 
[2023-02-23 11:10:36] [INFO] Recieved 
[2023-02-23 11:10:36] [INFO] Open New Market Trade for Signal for SYMBOL - OPETH
[2023-02-23 11:10:36] [INFO] Recieved 
[2023-02-23 11:10:36] [INFO] Open New Market Trade for Signal for SYMBOL - STGUSDT
[2023-02-23 11:10:36] [INFO] Recieved 
[2023-02-23 11:10:36] [INFO] Open New Market Trade for Signal for SYMBOL - AMBBUSD
[2023-02-23 11:10:36] [INFO] Recieved 
[2023-02-23 11:10:36] [INFO] Open New Market Trade for Signal for SYMBOL - APTBTC
[2023-02-23 11:10:36] [INFO] Recieved 
[2023-02-23 11:10:36] [INFO] Open New Market Trade for Signal for SYMBOL - APTUSDT
[2023-02-23 11:10:36] [INFO] Recieved 
[2023-02-23 11:10:36] [INFO] Open New Market Trade for Signal for SYMBOL - APTBUSD
[2023-02-23 11:10:36] [INFO] Recieved 
[2023-02-23 11:10:36] [INFO] Open New Market Trade for Signal for SYMBOL - MAGICBTC
[2023-02-23 11:10:36] [INFO] Recieved 
[2023-02-23 11:10:36] [INFO] Open New Market Trade for Signal for SYMBOL - MAGICBUSD
[2023-02-23 11:10:36] [INFO] Recieved 
[2023-02-23 11:10:36] [INFO] Open New Market Trade for Signal for SYMBOL - MAGICUSDT
[2023-02-23 11:10:36] [ERROR] Not Enough USDT Balance in account 
[2023-02-23 11:10:36] [ERROR] Not Enough USDT Balance in account 
[2023-02-23 11:10:36] [INFO] Open New Market Trade for Signal for SYMBOL - OPBNB
[2023-02-23 11:10:36] [ERROR] Not Enough USDT Balance in account 
[2023-02-23 11:10:36] [ERROR] Not Enough USDT Balance in account 
[2023-02-23 11:10:36] [ERROR] Not Enough USDT Balance in account 
[2023-02-23 11:10:36] [ERROR] Not Enough USDT Balance in account 
[2023-02-23 11:10:36] [ERROR] Not Enough USDT Balance in account 
[2023-02-23 11:10:36] [INFO] Recieved 
[2023-02-23 11:10:36] [ERROR] Not Enough USDT Balance in account 
[2023-02-23 11:10:36] [ERROR] Not Enough USDT Balance in account 
[2023-02-23 11:10:36] [ERROR] Not Enough USDT Balance in account 
[2023-02-23 11:10:36] [ERROR] Not Enough USDT Balance in account 
[2023-02-23 11:10:36] [ERROR] Not Enough USDT Balance in account 
[2023-02-23 11:10:36] [ERROR] Not Enough USDT Balance in account 
[2023-02-23 11:10:36] [ERROR] Not Enough USDT Balance in account 
[2023-02-23 11:10:36] [ERROR] Not Enough USDT Balance in account 
[2023-02-23 11:10:36] [ERROR] Not Enough USDT Balance in account 
[2023-02-23 11:10:36] [ERROR] Not Enough USDT Balance in account 
[2023-02-23 11:10:36] [ERROR] Not Enough USDT Balance in account 
[2023-02-23 11:10:36] [ERROR] Not Enough USDT Balance in account 
[2023-02-23 11:10:36] [ERROR] Not Enough USDT Balance in account 
[2023-02-23 11:10:36] [ERROR] Not Enough USDT Balance in account 
[2023-02-23 11:10:36] [ERROR] Not Enough USDT Balance in account 
[2023-02-23 11:10:36] [INFO] Open New Market Trade for Signal for SYMBOL - GTCUSDT
[2023-02-23 11:10:36] [ERROR] Not Enough USDT Balance in account 
[2023-02-23 11:10:36] [ERROR] Not Enough USDT Balance in account 
[2023-02-23 11:10:36] [ERROR] Not Enough USDT Balance in account 
[2023-02-23 11:10:36] [ERROR] Not Enough USDT Balance in account 
[2023-02-23 11:10:36] [ERROR] Not Enough USDT Balance in account 
[2023-02-23 11:10:36] [ERROR] Not Enough USDT Balance in account 
[2023-02-23 11:10:36] [ERROR] Not Enough USDT Balance in account 
[2023-02-23 11:10:36] [ERROR] Not Enough USDT Balance in account 
[2023-02-23 11:10:36] [ERROR] Not Enough USDT Balance in account 
[2023-02-23 11:10:36] [ERROR] Not Enough USDT Balance in account 
[2023-02-23 11:10:36] [ERROR] Not Enough USDT Balance in account 
[2023-02-23 11:10:36] [ERROR] Not Enough USDT Balance in account 
[2023-02-23 11:10:36] [ERROR] Not Enough USDT Balance in account 
[2023-02-23 11:10:36] [ERROR] Not Enough USDT Balance in account 
[2023-02-23 11:10:36] [ERROR] Not Enough USDT Balance in account 
[2023-02-23 11:10:36] [ERROR] Not Enough USDT Balance in account 
[2023-02-23 11:10:36] [ERROR] Not Enough USDT Balance in account 
[2023-02-23 11:10:36] [ERROR] Not Enough USDT Balance in account 
[2023-02-23 11:10:36] [ERROR] Not Enough USDT Balance in account 
[2023-02-23 11:10:36] [ERROR] Not Enough USDT Balance in account 
[2023-02-23 11:10:36] [ERROR] Not Enough USDT Balance in account 
[2023-02-23 11:10:36] [ERROR] Not Enough USDT Balance in account 
[2023-02-23 11:10:36] [ERROR] Not Enough USDT Balance in account 
[2023-02-23 11:10:36] [ERROR] Not Enough USDT Balance in account 
[2023-02-23 11:10:36] [ERROR] Not Enough USDT Balance in account 
[2023-02-23 11:10:36] [ERROR] Not Enough USDT Balance in account 
[2023-02-23 11:10:36] [ERROR] Not Enough USDT Balance in account 
[2023-02-23 11:10:36] [ERROR] Not Enough USDT Balance in account 
[2023-02-23 11:10:36] [ERROR] Not Enough USDT Balance in account 
[2023-02-23 11:10:36] [ERROR] Not Enough USDT Balance in account 
[2023-02-23 11:10:36] [ERROR] Not Enough USDT Balance in account 
[2023-02-23 11:10:36] [ERROR] Not Enough USDT Balance in account 
[2023-02-23 11:10:36] [ERROR] Not Enough USDT Balance in account 
[2023-02-23 11:10:36] [ERROR] Not Enough USDT Balance in account 
[2023-02-23 11:10:36] [ERROR] Not Enough USDT Balance in account 
[2023-02-23 11:10:36] [ERROR] Not Enough USDT Balance in account 
[2023-02-23 11:10:36] [ERROR] Not Enough USDT Balance in account 
[2023-02-23 11:10:36] [ERROR] Not Enough USDT Balance in account 
[2023-02-23 11:10:36] [ERROR] Not Enough USDT Balance in account 
[2023-02-23 11:10:36] [ERROR] Not Enough USDT Balance in account 
[2023-02-23 11:10:36] [ERROR] Not Enough USDT Balance in account 
[2023-02-23 11:10:36] [ERROR] Not Enough USDT Balance in account 
[2023-02-23 11:10:36] [ERROR] Not Enough USDT Balance in account 
[2023-02-23 11:10:36] [ERROR] Not Enough USDT Balance in account 
[2023-02-23 11:10:36] [ERROR] Not Enough USDT Balance in account 
[2023-02-23 11:10:36] [ERROR] Not Enough USDT Balance in account 
[2023-02-23 11:10:36] [ERROR] Not Enough USDT Balance in account 
[2023-02-23 11:10:36] [ERROR] Not Enough USDT Balance in account 
[2023-02-23 11:10:36] [ERROR] Not Enough USDT Balance in account 
[2023-02-23 11:10:36] [ERROR] Not Enough USDT Balance in account 
[2023-02-23 11:10:36] [ERROR] Not Enough USDT Balance in account 
[2023-02-23 11:10:36] [ERROR] Not Enough USDT Balance in account 
[2023-02-23 11:10:36] [ERROR] Not Enough USDT Balance in account 
[2023-02-23 11:10:36] [ERROR] Not Enough USDT Balance in account 
[2023-02-23 11:10:36] [ERROR] Not Enough USDT Balance in account 
[2023-02-23 11:10:36] [ERROR] Not Enough USDT Balance in account 
[2023-02-23 11:10:36] [ERROR] Not Enough USDT Balance in account 
[2023-02-23 11:10:36] [ERROR] Not Enough USDT Balance in account 
[2023-02-23 11:10:36] [ERROR] Not Enough USDT Balance in account 
[2023-02-23 11:10:36] [ERROR] Not Enough USDT Balance in account 
[2023-02-23 11:10:36] [ERROR] Not Enough USDT Balance in account 
[2023-02-23 11:10:36] [ERROR] Not Enough USDT Balance in account 
[2023-02-23 11:10:36] [ERROR] Not Enough USDT Balance in account 
[2023-02-23 11:10:36] [ERROR] Not Enough USDT Balance in account 
[2023-02-23 11:10:36] [ERROR] Not Enough USDT Balance in account 
[2023-02-23 11:10:36] [ERROR] Not Enough USDT Balance in account 
[2023-02-23 11:10:36] [ERROR] Not Enough USDT Balance in account 
[2023-02-23 11:10:36] [ERROR] Not Enough USDT Balance in account 
[2023-02-23 11:10:36] [ERROR] Not Enough USDT Balance in account 
[2023-02-23 11:10:36] [ERROR] Not Enough USDT Balance in account 
[2023-02-23 11:10:36] [ERROR] Not Enough USDT Balance in account 
[2023-02-23 11:10:36] [ERROR] Not Enough USDT Balance in account 
[2023-02-23 11:10:36] [ERROR] Not Enough USDT Balance in account 
[2023-02-23 11:10:36] [ERROR] Not Enough USDT Balance in account 
[2023-02-23 11:10:36] [ERROR] Not Enough USDT Balance in account 
[2023-02-23 11:10:36] [ERROR] Not Enough USDT Balance in account 
[2023-02-23 11:10:36] [ERROR] Not Enough USDT Balance in account 
[2023-02-23 11:10:37] [INFO] Recieved 
[2023-02-23 11:10:37] [INFO] Recieved 
[2023-02-23 11:10:37] [INFO] Open New Market Trade for Signal for SYMBOL - ETHUSDT
[2023-02-23 11:10:37] [INFO] Recieved 
[2023-02-23 11:10:37] [INFO] Open New Market Trade for Signal for SYMBOL - LTCUSDT
[2023-02-23 11:10:37] [INFO] Recieved 
[2023-02-23 11:10:37] [INFO] Open New Market Trade for Signal for SYMBOL - ADAUSDT
[2023-02-23 11:10:37] [INFO] Recieved 
[2023-02-23 11:10:37] [INFO] Open New Market Trade for Signal for SYMBOL - EOSUSDT
[2023-02-23 11:10:37] [INFO] Recieved 
[2023-02-23 11:10:37] [INFO] Open New Market Trade for Signal for SYMBOL - IOTXETH
[2023-02-23 11:10:37] [INFO] Recieved 
[2023-02-23 11:10:37] [INFO] Open New Market Trade for Signal for SYMBOL - ONTUSDT
[2023-02-23 11:10:37] [INFO] Recieved 
[2023-02-23 11:10:37] [INFO] Open New Market Trade for Signal for SYMBOL - NULSUSDT
[2023-02-23 11:10:37] [INFO] Recieved 
[2023-02-23 11:10:37] [INFO] Open New Market Trade for Signal for SYMBOL - FETBNB
[2023-02-23 11:10:37] [INFO] Recieved 
[2023-02-23 11:10:37] [INFO] Open New Market Trade for Signal for SYMBOL - FETUSDT
[2023-02-23 11:10:37] [INFO] Recieved 
[2023-02-23 11:10:37] [INFO] Open New Market Trade for Signal for SYMBOL - CELRUSDT
[2023-02-23 11:10:37] [INFO] Recieved 
[2023-02-23 11:10:37] [INFO] Open New Market Trade for Signal for SYMBOL - ONEBNB
[2023-02-23 11:10:37] [INFO] Recieved 
[2023-02-23 11:10:37] [INFO] Open New Market Trade for Signal for SYMBOL - FTMUSDT
[2023-02-23 11:10:37] [INFO] Recieved 
[2023-02-23 11:10:37] [INFO] Open New Market Trade for Signal for SYMBOL - DOGEUSDT
[2023-02-23 11:10:37] [INFO] Recieved 
[2023-02-23 11:10:37] [INFO] Open New Market Trade for Signal for SYMBOL - BTCBUSD
[2023-02-23 11:10:37] [INFO] Recieved 
[2023-02-23 11:10:37] [INFO] Open New Market Trade for Signal for SYMBOL - BUSDUSDT
[2023-02-23 11:10:37] [INFO] Recieved 
[2023-02-23 11:10:37] [INFO] Open New Market Trade for Signal for SYMBOL - RVNUSDT
[2023-02-23 11:10:37] [INFO] Recieved 
[2023-02-23 11:10:37] [INFO] Open New Market Trade for Signal for SYMBOL - ETHBUSD
[2023-02-23 11:10:37] [INFO] Recieved 
[2023-02-23 11:10:37] [INFO] Open New Market Trade for Signal for SYMBOL - STXUSDT
[2023-02-23 11:10:37] [INFO] Recieved 
[2023-02-23 11:10:37] [INFO] Open New Market Trade for Signal for SYMBOL - IOTXUSDT
[2023-02-23 11:10:37] [INFO] Recieved 
[2023-02-23 11:10:37] [INFO] Open New Market Trade for Signal for SYMBOL - BUSDTRY
[2023-02-23 11:10:37] [INFO] Recieved 
[2023-02-23 11:10:37] [INFO] Open New Market Trade for Signal for SYMBOL - USDTTRY
[2023-02-23 11:10:37] [INFO] Recieved 
[2023-02-23 11:10:37] [INFO] Open New Market Trade for Signal for SYMBOL - BTCEUR
[2023-02-23 11:10:37] [INFO] Recieved 
[2023-02-23 11:10:37] [INFO] Open New Market Trade for Signal for SYMBOL - EURBUSD
[2023-02-23 11:10:37] [INFO] Recieved 
[2023-02-23 11:10:37] [INFO] Open New Market Trade for Signal for SYMBOL - ONTBUSD
[2023-02-23 11:10:37] [INFO] Recieved 
[2023-02-23 11:10:37] [INFO] Open New Market Trade for Signal for SYMBOL - SOLUSDT
[2023-02-23 11:10:37] [INFO] Recieved 
[2023-02-23 11:10:37] [INFO] Open New Market Trade for Signal for SYMBOL - MDTUSDT
[2023-02-23 11:10:37] [INFO] Recieved 
[2023-02-23 11:10:37] [INFO] Open New Market Trade for Signal for SYMBOL - BTCGBP
[2023-02-23 11:10:37] [INFO] Recieved 
[2023-02-23 11:10:37] [INFO] Open New Market Trade for Signal for SYMBOL - BTCAUD
[2023-02-23 11:10:37] [INFO] Open New Market Trade for Signal for SYMBOL - BNBUSDT
[2023-02-23 11:10:37] [INFO] Recieved 
[2023-02-23 11:10:37] [INFO] Recieved 
[2023-02-23 11:10:37] [INFO] Open New Market Trade for Signal for SYMBOL - ANTUSDT
[2023-02-23 11:10:37] [INFO] Recieved 
[2023-02-23 11:10:37] [INFO] Open New Market Trade for Signal for SYMBOL - SANDUSDT
[2023-02-23 11:10:37] [INFO] Recieved 
[2023-02-23 11:10:37] [INFO] Open New Market Trade for Signal for SYMBOL - DOTUSDT
[2023-02-23 11:10:37] [INFO] Recieved 
[2023-02-23 11:10:37] [INFO] Open New Market Trade for Signal for SYMBOL - RSRBUSD
[2023-02-23 11:10:37] [INFO] Recieved 
[2023-02-23 11:10:37] [INFO] Open New Market Trade for Signal for SYMBOL - RSRUSDT
[2023-02-23 11:10:37] [INFO] Recieved 
[2023-02-23 11:10:37] [INFO] Open New Market Trade for Signal for SYMBOL - SUSHIBTC
[2023-02-23 11:10:37] [INFO] Recieved 
[2023-02-23 11:10:37] [INFO] Open New Market Trade for Signal for SYMBOL - SUSHIUSDT
[2023-02-23 11:10:37] [INFO] Recieved 
[2023-02-23 11:10:37] [INFO] Open New Market Trade for Signal for SYMBOL - KSMBUSD
[2023-02-23 11:10:37] [INFO] Recieved 
[2023-02-23 11:10:37] [INFO] Open New Market Trade for Signal for SYMBOL - BTCUSDT
[2023-02-23 11:10:37] [INFO] Recieved 
[2023-02-23 11:10:37] [INFO] Recieved 
[2023-02-23 11:10:37] [INFO] Recieved 
[2023-02-23 11:10:37] [INFO] Open New Market Trade for Signal for SYMBOL - EGLDUSDT
[2023-02-23 11:10:37] [INFO] Recieved 
[2023-02-23 11:10:37] [INFO] Open New Market Trade for Signal for SYMBOL - AVAXUSDT
[2023-02-23 11:10:37] [INFO] Recieved 
[2023-02-23 11:10:37] [INFO] Open New Market Trade for Signal for SYMBOL - AUDIOBUSD
[2023-02-23 11:10:37] [INFO] Recieved 
[2023-02-23 11:10:37] [INFO] Open New Market Trade for Signal for SYMBOL - AUDIOUSDT
[2023-02-23 11:10:37] [INFO] Recieved 
[2023-02-23 11:10:37] [INFO] Open New Market Trade for Signal for SYMBOL - ROSEBUSD
[2023-02-23 11:10:37] [INFO] Recieved 
[2023-02-23 11:10:37] [INFO] Open New Market Trade for Signal for SYMBOL - ROSEUSDT
[2023-02-23 11:10:37] [INFO] Recieved 
[2023-02-23 11:10:37] [INFO] Open New Market Trade for Signal for SYMBOL - REEFUSDT
[2023-02-23 11:10:37] [INFO] Open New Market Trade for Signal for SYMBOL - EGLDBUSD
[2023-02-23 11:10:37] [INFO] Open New Market Trade for Signal for SYMBOL - DOGETRY
[2023-02-23 11:10:37] [INFO] Recieved 
[2023-02-23 11:10:37] [INFO] Open New Market Trade for Signal for SYMBOL - CAKEUSDT
[2023-02-23 11:10:37] [INFO] Recieved 
[2023-02-23 11:10:37] [INFO] Open New Market Trade for Signal for SYMBOL - REEFBUSD
[2023-02-23 11:10:37] [INFO] Recieved 
[2023-02-23 11:10:37] [INFO] Open New Market Trade for Signal for SYMBOL - FISBUSD
[2023-02-23 11:10:37] [INFO] Recieved 
[2023-02-23 11:10:37] [INFO] Open New Market Trade for Signal for SYMBOL - FISUSDT
[2023-02-23 11:10:37] [INFO] Open New Market Trade for Signal for SYMBOL - KSMUSDT
[2023-02-23 11:10:37] [INFO] Open New Market Trade for Signal for SYMBOL - CFXBUSD
[2023-02-23 11:10:37] [INFO] Recieved 
[2023-02-23 11:10:37] [INFO] Open New Market Trade for Signal for SYMBOL - CFXUSDT
[2023-02-23 11:10:37] [INFO] Recieved 
[2023-02-23 11:10:37] [INFO] Open New Market Trade for Signal for SYMBOL - TLMUSDT
[2023-02-23 11:10:37] [INFO] Recieved 
[2023-02-23 11:10:37] [INFO] Open New Market Trade for Signal for SYMBOL - BURGERUSDT
[2023-02-23 11:10:37] [INFO] Recieved 
[2023-02-23 11:10:37] [INFO] Open New Market Trade for Signal for SYMBOL - SHIBUSDT
[2023-02-23 11:10:37] [INFO] Recieved 
[2023-02-23 11:10:37] [INFO] Open New Market Trade for Signal for SYMBOL - ARBUSD
[2023-02-23 11:10:37] [INFO] Recieved 
[2023-02-23 11:10:37] [INFO] Open New Market Trade for Signal for SYMBOL - AGIXBTC
[2023-02-23 11:10:37] [INFO] Recieved 
[2023-02-23 11:10:37] [INFO] Open New Market Trade for Signal for SYMBOL - FTMBUSD
[2023-02-23 11:10:37] [INFO] Recieved 
[2023-02-23 11:10:37] [INFO] Recieved 
[2023-02-23 11:10:37] [INFO] Recieved 
[2023-02-23 11:10:37] [INFO] Open New Market Trade for Signal for SYMBOL - IOTXBUSD
[2023-02-23 11:10:37] [INFO] Recieved 
[2023-02-23 11:10:37] [INFO] Open New Market Trade for Signal for SYMBOL - FLOWBNB
[2023-02-23 11:10:37] [INFO] Recieved 
[2023-02-23 11:10:37] [INFO] Open New Market Trade for Signal for SYMBOL - TLMTRY
[2023-02-23 11:10:37] [INFO] Recieved 
[2023-02-23 11:10:37] [INFO] Open New Market Trade for Signal for SYMBOL - DYDXUSDT
[2023-02-23 11:10:37] [INFO] Open New Market Trade for Signal for SYMBOL - ATAUSDT
[2023-02-23 11:10:37] [INFO] Open New Market Trade for Signal for SYMBOL - LAZIOTRY
[2023-02-23 11:10:37] [INFO] Recieved 
[2023-02-23 11:10:37] [INFO] Open New Market Trade for Signal for SYMBOL - LAZIOUSDT
[2023-02-23 11:10:37] [INFO] Recieved 
[2023-02-23 11:10:37] [INFO] Open New Market Trade for Signal for SYMBOL - CHESSBUSD
[2023-02-23 11:10:37] [INFO] Recieved 
[2023-02-23 11:10:37] [INFO] Open New Market Trade for Signal for SYMBOL - CHESSUSDT
[2023-02-23 11:10:37] [INFO] Recieved 
[2023-02-23 11:10:37] [INFO] Open New Market Trade for Signal for SYMBOL - LAZIOBUSD
[2023-02-23 11:10:37] [INFO] Recieved 
[2023-02-23 11:10:37] [INFO] Open New Market Trade for Signal for SYMBOL - JASMYUSDT
[2023-02-23 11:10:37] [INFO] Recieved 
[2023-02-23 11:10:37] [INFO] Open New Market Trade for Signal for SYMBOL - PYRUSDT
[2023-02-23 11:10:37] [INFO] Recieved 
[2023-02-23 11:10:37] [INFO] Open New Market Trade for Signal for SYMBOL - RNDRUSDT
[2023-02-23 11:10:37] [INFO] Recieved 
[2023-02-23 11:10:37] [INFO] Recieved 
[2023-02-23 11:10:37] [INFO] Open New Market Trade for Signal for SYMBOL - MDTBUSD
[2023-02-23 11:10:37] [INFO] Open New Market Trade for Signal for SYMBOL - JOEUSDT
[2023-02-23 11:10:37] [INFO] Recieved 
[2023-02-23 11:10:37] [INFO] Open New Market Trade for Signal for SYMBOL - ACHBUSD
[2023-02-23 11:10:37] [INFO] Recieved 
[2023-02-23 11:10:37] [INFO] Open New Market Trade for Signal for SYMBOL - ACHUSDT
[2023-02-23 11:10:37] [INFO] Recieved 
[2023-02-23 11:10:37] [INFO] Open New Market Trade for Signal for SYMBOL - IMXBTC
[2023-02-23 11:10:37] [INFO] Open New Market Trade for Signal for SYMBOL - BALUSDT
[2023-02-23 11:10:37] [INFO] Open New Market Trade for Signal for SYMBOL - IMXBUSD
[2023-02-23 11:10:37] [INFO] Recieved 
[2023-02-23 11:10:37] [INFO] Open New Market Trade for Signal for SYMBOL - ACABTC
[2023-02-23 11:10:37] [INFO] Recieved 
[2023-02-23 11:10:37] [INFO] Open New Market Trade for Signal for SYMBOL - MBLBUSD
[2023-02-23 11:10:37] [INFO] Recieved 
[2023-02-23 11:10:37] [INFO] Open New Market Trade for Signal for SYMBOL - NEXOUSDT
[2023-02-23 11:10:37] [INFO] Recieved 
[2023-02-23 11:10:37] [INFO] Open New Market Trade for Signal for SYMBOL - GALUSDT
[2023-02-23 11:10:37] [INFO] Recieved 
[2023-02-23 11:10:37] [INFO] Open New Market Trade for Signal for SYMBOL - GALBUSD
[2023-02-23 11:10:37] [INFO] Recieved 
[2023-02-23 11:10:37] [INFO] Open New Market Trade for Signal for SYMBOL - LUNCBUSD
[2023-02-23 11:10:37] [INFO] Recieved 
[2023-02-23 11:10:37] [INFO] Open New Market Trade for Signal for SYMBOL - OPBTC
[2023-02-23 11:10:37] [INFO] Recieved 
[2023-02-23 11:10:37] [INFO] Open New Market Trade for Signal for SYMBOL - OPBUSD
[2023-02-23 11:10:37] [INFO] Recieved 
[2023-02-23 11:10:37] [INFO] Open New Market Trade for Signal for SYMBOL - OPUSDT
[2023-02-23 11:10:37] [INFO] Recieved 
[2023-02-23 11:10:37] [INFO] Open New Market Trade for Signal for SYMBOL - LEVERUSDT
[2023-02-23 11:10:37] [INFO] Recieved 
[2023-02-23 11:10:37] [INFO] Open New Market Trade for Signal for SYMBOL - SSVBUSD
[2023-02-23 11:10:37] [INFO] Recieved 
[2023-02-23 11:10:37] [INFO] Open New Market Trade for Signal for SYMBOL - STGBUSD
[2023-02-23 11:10:37] [INFO] Recieved 
[2023-02-23 11:10:37] [INFO] Recieved 
[2023-02-23 11:10:37] [INFO] Open New Market Trade for Signal for SYMBOL - STGUSDT
[2023-02-23 11:10:37] [INFO] Open New Market Trade for Signal for SYMBOL - HFTBUSD
[2023-02-23 11:10:37] [INFO] Recieved 
[2023-02-23 11:10:37] [INFO] Open New Market Trade for Signal for SYMBOL - HOOKUSDT
[2023-02-23 11:10:37] [INFO] Recieved 
[2023-02-23 11:10:37] [INFO] Open New Market Trade for Signal for SYMBOL - HOOKBUSD
[2023-02-23 11:10:37] [INFO] Recieved 
[2023-02-23 11:10:37] [INFO] Open New Market Trade for Signal for SYMBOL - FETTRY
[2023-02-23 11:10:37] [ERROR] Not Enough USDT Balance in account 
[2023-02-23 11:10:37] [ERROR] Not Enough USDT Balance in account 
[2023-02-23 11:10:37] [ERROR] Not Enough USDT Balance in account 
[2023-02-23 11:10:37] [ERROR] Not Enough USDT Balance in account 
[2023-02-23 11:10:37] [ERROR] Not Enough USDT Balance in account 
[2023-02-23 11:10:37] [ERROR] Not Enough USDT Balance in account 
[2023-02-23 11:10:37] [ERROR] Not Enough USDT Balance in account 
[2023-02-23 11:10:37] [ERROR] Not Enough USDT Balance in account 
[2023-02-23 11:10:37] [ERROR] Not Enough USDT Balance in account 
[2023-02-23 11:10:37] [ERROR] Not Enough USDT Balance in account 
[2023-02-23 11:10:37] [ERROR] Not Enough USDT Balance in account 
[2023-02-23 11:10:37] [ERROR] Not Enough USDT Balance in account 
[2023-02-23 11:10:37] [ERROR] Not Enough USDT Balance in account 
[2023-02-23 11:10:37] [ERROR] Not Enough USDT Balance in account 
[2023-02-23 11:10:37] [ERROR] Not Enough USDT Balance in account 
[2023-02-23 11:10:37] [ERROR] Not Enough USDT Balance in account 
[2023-02-23 11:10:37] [ERROR] Not Enough USDT Balance in account 
[2023-02-23 11:10:37] [ERROR] Not Enough USDT Balance in account 
[2023-02-23 11:10:37] [ERROR] Not Enough USDT Balance in account 
[2023-02-23 11:10:37] [ERROR] Not Enough USDT Balance in account 
[2023-02-23 11:10:37] [INFO] Recieved 
[2023-02-23 11:10:37] [ERROR] Not Enough USDT Balance in account 
[2023-02-23 11:10:37] [ERROR] Not Enough USDT Balance in account 
[2023-02-23 11:10:37] [ERROR] Not Enough USDT Balance in account 
[2023-02-23 11:10:37] [ERROR] Not Enough USDT Balance in account 
[2023-02-23 11:10:37] [ERROR] Not Enough USDT Balance in account 
[2023-02-23 11:10:37] [ERROR] Not Enough USDT Balance in account 
[2023-02-23 11:10:37] [ERROR] Not Enough USDT Balance in account 
[2023-02-23 11:10:37] [ERROR] Not Enough USDT Balance in account 
[2023-02-23 11:10:37] [ERROR] Not Enough USDT Balance in account 
[2023-02-23 11:10:37] [ERROR] Not Enough USDT Balance in account 
[2023-02-23 11:10:37] [ERROR] Not Enough USDT Balance in account 
[2023-02-23 11:10:37] [ERROR] Not Enough USDT Balance in account 
[2023-02-23 11:10:37] [ERROR] Not Enough USDT Balance in account 
[2023-02-23 11:10:37] [ERROR] Not Enough USDT Balance in account 
[2023-02-23 11:10:37] [ERROR] Not Enough USDT Balance in account 
[2023-02-23 11:10:37] [ERROR] Not Enough USDT Balance in account 
[2023-02-23 11:10:37] [ERROR] Not Enough USDT Balance in account 
[2023-02-23 11:10:37] [ERROR] Not Enough USDT Balance in account 
[2023-02-23 11:10:37] [ERROR] Not Enough USDT Balance in account 
[2023-02-23 11:10:37] [ERROR] Not Enough USDT Balance in account 
[2023-02-23 11:10:37] [ERROR] Not Enough USDT Balance in account 
[2023-02-23 11:10:37] [ERROR] Not Enough USDT Balance in account 
[2023-02-23 11:10:37] [ERROR] Not Enough USDT Balance in account 
[2023-02-23 11:10:37] [ERROR] Not Enough USDT Balance in account 
[2023-02-23 11:10:37] [ERROR] Not Enough USDT Balance in account 
[2023-02-23 11:10:37] [ERROR] Not Enough USDT Balance in account 
[2023-02-23 11:10:37] [ERROR] Not Enough USDT Balance in account 
[2023-02-23 11:10:37] [ERROR] Not Enough USDT Balance in account 
[2023-02-23 11:10:37] [ERROR] Not Enough USDT Balance in account 
[2023-02-23 11:10:37] [ERROR] Not Enough USDT Balance in account 
[2023-02-23 11:10:37] [ERROR] Not Enough USDT Balance in account 
[2023-02-23 11:10:37] [ERROR] Not Enough USDT Balance in account 
[2023-02-23 11:10:37] [ERROR] Not Enough USDT Balance in account 
[2023-02-23 11:10:37] [ERROR] Not Enough USDT Balance in account 
[2023-02-23 11:10:37] [ERROR] Not Enough USDT Balance in account 
[2023-02-23 11:10:37] [ERROR] Not Enough USDT Balance in account 
[2023-02-23 11:10:37] [ERROR] Not Enough USDT Balance in account 
[2023-02-23 11:10:37] [ERROR] Not Enough USDT Balance in account 
[2023-02-23 11:10:37] [ERROR] Not Enough USDT Balance in account 
[2023-02-23 11:10:37] [ERROR] Not Enough USDT Balance in account 
[2023-02-23 11:10:37] [ERROR] Not Enough USDT Balance in account 
[2023-02-23 11:10:37] [ERROR] Not Enough USDT Balance in account 
[2023-02-23 11:10:37] [ERROR] Not Enough USDT Balance in account 
[2023-02-23 11:10:37] [ERROR] Not Enough USDT Balance in account 
[2023-02-23 11:10:37] [ERROR] Not Enough USDT Balance in account 
[2023-02-23 11:10:37] [ERROR] Not Enough USDT Balance in account 
[2023-02-23 11:10:37] [ERROR] Not Enough USDT Balance in account 
[2023-02-23 11:10:37] [ERROR] Not Enough USDT Balance in account 
[2023-02-23 11:10:37] [ERROR] Not Enough USDT Balance in account 
[2023-02-23 11:10:37] [ERROR] Not Enough USDT Balance in account 
[2023-02-23 11:10:37] [ERROR] Not Enough USDT Balance in account 
[2023-02-23 11:10:37] [ERROR] Not Enough USDT Balance in account 
[2023-02-23 11:10:37] [ERROR] Not Enough USDT Balance in account 
[2023-02-23 11:10:37] [ERROR] Not Enough USDT Balance in account 
[2023-02-23 11:10:37] [ERROR] Not Enough USDT Balance in account 
[2023-02-23 11:10:37] [ERROR] Not Enough USDT Balance in account 
[2023-02-23 11:10:37] [ERROR] Not Enough USDT Balance in account 
[2023-02-23 11:10:37] [ERROR] Not Enough USDT Balance in account 
[2023-02-23 11:10:37] [ERROR] Not Enough USDT Balance in account 
[2023-02-23 11:10:37] [ERROR] Not Enough USDT Balance in account 
[2023-02-23 11:10:37] [ERROR] Not Enough USDT Balance in account 
[2023-02-23 11:10:37] [ERROR] Not Enough USDT Balance in account 
[2023-02-23 11:10:37] [ERROR] Not Enough USDT Balance in account 
[2023-02-23 11:10:37] [ERROR] Not Enough USDT Balance in account 
[2023-02-23 11:10:37] [ERROR] Not Enough USDT Balance in account 
[2023-02-23 11:10:37] [ERROR] Not Enough USDT Balance in account 
[2023-02-23 11:10:37] [ERROR] Not Enough USDT Balance in account 
[2023-02-23 11:10:37] [ERROR] Not Enough USDT Balance in account 
[2023-02-23 11:10:37] [ERROR] Not Enough USDT Balance in account 
[2023-02-23 11:10:37] [ERROR] Not Enough USDT Balance in account 
[2023-02-23 11:10:37] [ERROR] Not Enough USDT Balance in account 
[2023-02-23 11:10:37] [ERROR] Not Enough USDT Balance in account 
[2023-02-23 11:10:37] [ERROR] Not Enough USDT Balance in account 
[2023-02-23 11:10:37] [ERROR] Not Enough USDT Balance in account 
[2023-02-23 11:10:37] [ERROR] Not Enough USDT Balance in account 
[2023-02-23 11:10:37] [ERROR] Not Enough USDT Balance in account 
[2023-02-23 11:10:37] [INFO] Recieved 
[2023-02-23 11:10:37] [INFO] Recieved 
[2023-02-23 11:10:37] [ERROR] Not Enough USDT Balance in account 
[2023-02-23 11:12:42] [INFO] Added  NewLaunch NEWTOKENSIGNAL listener.
[2023-02-23 11:12:53] [INFO] Recieved 
[2023-02-23 11:12:53] [INFO] Open New Market Trade for Signal for SYMBOL - LTCBTC
[2023-02-23 11:13:38] [INFO] Added  NewLaunch NEWTOKENSIGNAL listener.
[2023-02-23 11:13:52] [INFO] Recieved 
[2023-02-23 11:13:52] [INFO] Open New Market Trade for Signal for SYMBOL - LTCBTC
[2023-02-23 11:14:26] [INFO] Added  NewLaunch NEWTOKENSIGNAL listener.
[2023-02-23 11:14:30] [INFO] Recieved 
[2023-02-23 11:14:30] [INFO] Open New Market Trade for Signal for SYMBOL - LTCBTC
[2023-02-23 11:15:10] [INFO] Added  NewLaunch NEWTOKENSIGNAL listener.
[2023-02-23 11:15:27] [INFO] Recieved 
[2023-02-23 11:15:27] [INFO] Open New Market Trade for Signal for SYMBOL - LTCBTC
[2023-02-23 11:15:32] [INFO] Recieved 
[2023-02-23 11:15:32] [INFO] Open New Market Trade for Signal for SYMBOL - LTCBTC
[2023-02-23 11:15:43] [INFO] Recieved 
[2023-02-23 11:15:43] [INFO] Open New Market Trade for Signal for SYMBOL - LTCBTC
[2023-02-23 11:15:52] [INFO] Recieved 
[2023-02-23 11:15:52] [INFO] Open New Market Trade for Signal for SYMBOL - LTCBTC
[2023-02-23 11:16:02] [INFO] Recieved 
[2023-02-23 11:16:02] [INFO] Open New Market Trade for Signal for SYMBOL - LTCBTC
[2023-02-23 11:16:03] [INFO] Open New Market Trade for Signal for SYMBOL - LTCBTC
[2023-02-23 11:16:03] [INFO] Recieved 
[2023-02-23 11:16:06] [INFO] Recieved 
[2023-02-23 11:16:06] [INFO] Open New Market Trade for Signal for SYMBOL - LTCBTC
[2023-02-23 11:16:16] [INFO] Added  NewLaunch NEWTOKENSIGNAL listener.
[2023-02-23 11:16:19] [INFO] Recieved 
[2023-02-23 11:16:19] [INFO] Open New Market Trade for Signal for SYMBOL - LTCBTC
[2023-02-23 11:16:20] [INFO] Recieved 
[2023-02-23 11:16:20] [INFO] Open New Market Trade for Signal for SYMBOL - LTCBTC
[2023-02-23 11:16:22] [INFO] Recieved 
[2023-02-23 11:16:22] [INFO] Open New Market Trade for Signal for SYMBOL - LTCBTC
[2023-02-23 11:19:55] [INFO] Added  NewLaunch NEWTOKENSIGNAL listener.
[2023-02-23 11:20:11] [INFO] Recieved 
[2023-02-23 11:20:11] [INFO] Open New Market Trade for Signal for SYMBOL - LTCBTC
[2023-02-23 11:20:11] [DOCS] Veifying Account  - 
[2023-02-23 11:20:16] [INFO] Recieved 
[2023-02-23 11:20:16] [INFO] Open New Market Trade for Signal for SYMBOL - LTCBTC
[2023-02-23 11:20:16] [DOCS] Veifying Account  - 
[2023-02-23 11:20:18] [INFO] Recieved 
[2023-02-23 11:20:18] [INFO] Open New Market Trade for Signal for SYMBOL - LTCBTC
[2023-02-23 11:20:18] [DOCS] Veifying Account  - 
[2023-02-23 11:20:19] [INFO] Recieved 
[2023-02-23 11:20:19] [INFO] Open New Market Trade for Signal for SYMBOL - LTCBTC
[2023-02-23 11:20:19] [DOCS] Veifying Account  - 
[2023-02-23 11:21:08] [INFO] Recieved 
[2023-02-23 11:21:08] [INFO] Open New Market Trade for Signal for SYMBOL - LTCBTC
[2023-02-23 11:21:08] [DOCS] Veifying Account  - 
[2023-02-23 11:21:40] [INFO] Recieved 
[2023-02-23 11:21:40] [INFO] Open New Market Trade for Signal for SYMBOL - LTCBTC
[2023-02-23 11:21:40] [DOCS] Veifying Account  - 
[2023-02-23 11:21:50] [INFO] Recieved 
[2023-02-23 11:21:50] [INFO] Open New Market Trade for Signal for SYMBOL - LTCBTC
[2023-02-23 11:21:50] [DOCS] Veifying Account  - 
[2023-02-23 11:21:55] [INFO] Added  NewLaunch NEWTOKENSIGNAL listener.
[2023-02-23 11:22:04] [INFO] Recieved 
[2023-02-23 11:22:04] [INFO] Open New Market Trade for Signal for SYMBOL - LTCBTC
[2023-02-23 11:22:05] [ERROR] Not Enough USDT Balance in account 
[2023-02-23 11:22:13] [INFO] Recieved 
[2023-02-23 11:22:13] [INFO] Open New Market Trade for Signal for SYMBOL - LTCBTC
[2023-02-23 11:22:14] [ERROR] Not Enough USDT Balance in account 
[2023-02-23 11:22:23] [INFO] Recieved 
[2023-02-23 11:22:23] [INFO] Open New Market Trade for Signal for SYMBOL - LTCBTC
[2023-02-23 11:22:24] [ERROR] Not Enough USDT Balance in account 
[2023-02-23 11:22:25] [INFO] Recieved 
[2023-02-23 11:22:25] [INFO] Open New Market Trade for Signal for SYMBOL - LTCBTC
[2023-02-23 11:22:25] [ERROR] Not Enough USDT Balance in account 
[2023-02-23 11:22:32] [INFO] Recieved 
[2023-02-23 11:22:32] [INFO] Open New Market Trade for Signal for SYMBOL - LTCBTC
[2023-02-23 11:22:33] [ERROR] Not Enough USDT Balance in account 
[2023-02-23 11:22:47] [INFO] Recieved 
[2023-02-23 11:22:47] [INFO] Open New Market Trade for Signal for SYMBOL - LTCBTC
[2023-02-23 11:22:47] [ERROR] Not Enough USDT Balance in account 
[2023-02-23 11:22:53] [INFO] Recieved 
[2023-02-23 11:22:53] [INFO] Open New Market Trade for Signal for SYMBOL - LTCBTC
[2023-02-23 11:22:53] [ERROR] Not Enough USDT Balance in account 
[2023-02-23 11:23:01] [INFO] Recieved 
[2023-02-23 11:23:01] [INFO] Open New Market Trade for Signal for SYMBOL - LTCBTC
[2023-02-23 11:23:01] [ERROR] Not Enough USDT Balance in account 
[2023-02-23 11:23:13] [INFO] Added  NewLaunch NEWTOKENSIGNAL listener.
[2023-02-23 11:23:52] [INFO] Added  NewLaunch NEWTOKENSIGNAL listener.
[2023-02-23 11:26:21] [INFO] Added  NewLaunch NEWTOKENSIGNAL listener.
[2023-02-23 11:26:23] [INFO] Recieved 
[2023-02-23 11:26:23] [INFO] Open New Market Trade for Signal for SYMBOL - LTCBTC
[2023-02-23 11:26:23] [ERROR] Not Enough USDT Balance in account 
[2023-02-23 11:26:44] [INFO] Added  NewLaunch NEWTOKENSIGNAL listener.
[2023-02-23 11:26:55] [INFO] Recieved 
[2023-02-23 11:26:55] [INFO] Open New Market Trade for Signal for SYMBOL - LTCBTC
[2023-02-23 11:26:55] [ERROR] Not Enough USDT Balance in account undefined
[2023-02-23 11:27:19] [INFO] Added  NewLaunch NEWTOKENSIGNAL listener.
[2023-02-23 11:27:22] [INFO] Recieved 
[2023-02-23 11:27:22] [INFO] Open New Market Trade for Signal for SYMBOL - LTCBTC
[2023-02-23 11:27:23] [ERROR] Not Enough USDT Balance in account undefined
[2023-02-23 11:27:24] [INFO] Recieved 
[2023-02-23 11:27:24] [INFO] Open New Market Trade for Signal for SYMBOL - LTCBTC
[2023-02-23 11:27:24] [ERROR] Not Enough USDT Balance in account undefined
[2023-02-23 11:30:09] [INFO] Added  NewLaunch NEWTOKENSIGNAL listener.
[2023-02-23 11:30:11] [INFO] Recieved 
[2023-02-23 11:30:11] [INFO] Open New Market Trade for Signal for SYMBOL - LTCBTC
[2023-02-23 11:30:12] [ERROR] Not Enough USDT Balance in account 0
[2023-02-23 11:30:22] [INFO] Recieved 
[2023-02-23 11:30:22] [INFO] Open New Market Trade for Signal for SYMBOL - LTCBTC
[2023-02-23 11:30:23] [ERROR] Not Enough USDT Balance in account 0
[2023-02-23 11:40:49] [INFO] Added  NewLaunch NEWTOKENSIGNAL listener.
[2023-02-23 11:40:55] [INFO] Recieved 
[2023-02-23 11:40:55] [INFO] Open New Market Trade for Signal for SYMBOL - LTCBTC
[2023-02-23 11:40:55] [ERROR] Not Enough USDT Balance in account 0
[2023-02-23 11:41:06] [INFO] Recieved 
[2023-02-23 11:41:06] [INFO] Open New Market Trade for Signal for SYMBOL - LTCBTC
[2023-02-23 11:41:06] [ERROR] Not Enough USDT Balance in account 0
[2023-02-23 11:41:14] [INFO] Recieved 
[2023-02-23 11:41:14] [INFO] Open New Market Trade for Signal for SYMBOL - LTCBTC
[2023-02-23 11:41:14] [ERROR] Not Enough USDT Balance in account 0
[2023-02-23 11:41:37] [INFO] Recieved 
[2023-02-23 11:41:37] [INFO] Open New Market Trade for Signal for SYMBOL - LTCBTC
[2023-02-23 11:41:37] [ERROR] Not Enough USDT Balance in account 0
[2023-02-23 11:42:04] [INFO] Added  NewLaunch NEWTOKENSIGNAL listener.
